{
  "stats": {
    "suites": 1,
    "tests": 1,
    "passes": 1,
    "pending": 0,
    "failures": 0,
    "start": "2023-05-03T10:36:46.134Z",
    "end": "2023-05-03T10:36:48.515Z",
    "duration": 2381,
    "testsRegistered": 1,
    "passPercent": 100,
    "pendingPercent": 0,
    "other": 0,
    "hasOther": false,
    "skipped": 0,
    "hasSkipped": false
  },
  "results": [
    {
      "uuid": "15da2d11-44f3-4e22-a8c2-6c2dcddc85bc",
      "title": "",
      "fullFile": "cypress/e2e/registrationWithPageObj.cy.js",
      "file": "cypress/e2e/registrationWithPageObj.cy.js",
      "beforeHooks": [],
      "afterHooks": [],
      "tests": [],
      "suites": [
        {
          "uuid": "18e08ec8-23ef-4080-8e8f-d7d311bc4020",
          "title": "Test suite for Automationstore.com",
          "fullFile": "",
          "file": "",
          "beforeHooks": [],
          "afterHooks": [],
          "tests": [
            {
              "title": "AuthorizationSilent",
              "fullTitle": "Test suite for Automationstore.com AuthorizationSilent",
              "timedOut": null,
              "duration": 2310,
              "state": "passed",
              "speed": "fast",
              "pass": true,
              "fail": false,
              "pending": false,
              "context": null,
              "code": "_AuthorizationSilent.default.makeSilentAuthoriz(userLogining);\ncy.visit('/index.php?rt=account/account');\ncy.log('**Verify user**');\ncy.get('h1 span.subtext', {\n  timeout: 20000\n}).should('contain', userLogining.firstName);",
              "err": {},
              "uuid": "0c0139c4-2d0d-4607-884f-19ee3a60f763",
              "parentUUID": "18e08ec8-23ef-4080-8e8f-d7d311bc4020",
              "isHook": false,
              "skipped": false
            }
          ],
          "suites": [],
          "passes": [
            "0c0139c4-2d0d-4607-884f-19ee3a60f763"
          ],
          "failures": [],
          "pending": [],
          "skipped": [],
          "duration": 2310,
          "root": false,
          "rootEmpty": false,
          "_timeout": 2000
        }
      ],
      "passes": [],
      "failures": [],
      "pending": [],
      "skipped": [],
      "duration": 0,
      "root": true,
      "rootEmpty": true,
      "_timeout": 2000
    }
  ],
  "meta": {
    "mocha": {
      "version": "7.0.1"
    },
    "mochawesome": {
      "options": {
        "quiet": false,
        "reportFilename": "mochawesome",
        "saveHtml": false,
        "saveJson": true,
        "consoleReporter": "spec",
        "useInlineDiffs": false,
        "code": true
      },
      "version": "7.1.3"
    },
    "marge": {
      "options": {
        "reportDir": "cypress/results",
        "overwrite": false,
        "html": false,
        "json": true
      },
      "version": "6.2.0"
    }
  }
}